<?xml version="1.0" encoding="UTF-8"?>
<!-- Generated by org.testng.reporters.JUnitXMLReporter -->
<testsuite ignored="2" hostname="HAQUE2531" failures="0" tests="1" name="Default test" time="0.057" errors="0" timestamp="2025-07-14T17:00:55 IST">
  <testcase classname="Pack1.ContactTest" name="updateContactTest2" time="0.013"/>
  <testcase classname="Pack1.ContactTest" name="createContactTest" time="0.0">
    <ignored/>
  </testcase> <!-- createContactTest -->
  <testcase classname="Pack1.ContactTest" name="updateContactTest" time="0.0">
    <ignored/>
  </testcase> <!-- updateContactTest -->
</testsuite> <!-- Default test -->
