<?xml version="1.0" encoding="UTF-8"?>
<testng-results ignored="2" total="3" passed="1" failed="0" skipped="0">
  <reporter-output>
  </reporter-output>
  <suite started-at="2025-07-14T17:00:54 IST" name="Default suite" finished-at="2025-07-14T17:00:55 IST" duration-ms="57">
    <groups>
    </groups>
    <test started-at="2025-07-14T17:00:54 IST" name="Default test" finished-at="2025-07-14T17:00:55 IST" duration-ms="57">
      <class name="Pack1.ContactTest">
        <test-method signature="updateContactTest2()[pri:0, instance:Pack1.ContactTest@33d512c1]" started-at="2025-07-14T17:00:54 IST" name="updateContactTest2" finished-at="2025-07-14T17:00:55 IST" duration-ms="13" status="PASS">
          <reporter-output>
          </reporter-output>
        </test-method> <!-- updateContactTest2 -->
      </class> <!-- Pack1.ContactTest -->
    </test> <!-- Default test -->
  </suite> <!-- Default suite -->
</testng-results>
